[22:58:16] [Server thread/INFO]: Starting minecraft server version 1.14.4
[22:58:16] [Server thread/INFO]: Loading properties
[22:58:16] [Server thread/INFO]: This server is running Paper version git-Paper-243 (MC: 1.14.4) (Implementing API version 1.14.4-R0.1-SNAPSHOT)
[22:58:16] [Server thread/INFO]: Debug logging is disabled
[22:58:16] [Server thread/INFO]: Server Ping Player Sample Count: 12
[22:58:16] [Server thread/INFO]: Using 4 threads for Netty based IO
[22:58:17] [Server thread/INFO]: Default game type: SURVIVAL
[22:58:17] [Server thread/INFO]: Generating keypair
[22:58:17] [Server thread/INFO]: Starting Minecraft server on *:25565
[22:58:17] [Server thread/INFO]: Using epoll channel type
[22:58:17] [Server thread/WARN]: **** SERVER IS RUNNING IN OFFLINE/INSECURE MODE!
[22:58:17] [Server thread/WARN]: The server will make no attempt to authenticate usernames. Beware.
[22:58:17] [Server thread/WARN]: While this makes the game possible to play without internet access, it also opens up the ability for hackers to connect with any username they choose.
[22:58:17] [Server thread/WARN]: To change this, set "online-mode" to "true" in the server.properties file.
[22:58:17] [Server thread/INFO]: Preparing level "world"
[22:58:17] [Server thread/INFO]: Found new data pack file/bukkit, loading it automatically
[22:58:17] [Server thread/INFO]: Found new data pack vanilla, loading it automatically
[22:58:17] [Server thread/INFO]: Reloading ResourceManager: Default, bukkit
[22:58:27] [Server thread/INFO]: Loaded 6 recipes
[22:58:27] [Server thread/INFO]: -------- World Settings For [world] --------
[22:58:27] [Server thread/INFO]: Experience Merge Radius: 3.0
[22:58:27] [Server thread/INFO]: Mob Spawn Range: 8
[22:58:27] [Server thread/INFO]: Cactus Growth Modifier: 100%
[22:58:27] [Server thread/INFO]: Cane Growth Modifier: 100%
[22:58:27] [Server thread/INFO]: Melon Growth Modifier: 100%
[22:58:27] [Server thread/INFO]: Mushroom Growth Modifier: 100%
[22:58:27] [Server thread/INFO]: Pumpkin Growth Modifier: 100%
[22:58:27] [Server thread/INFO]: Sapling Growth Modifier: 100%
[22:58:27] [Server thread/INFO]: Beetroot Growth Modifier: 100%
[22:58:27] [Server thread/INFO]: Carrot Growth Modifier: 100%
[22:58:27] [Server thread/INFO]: Potato Growth Modifier: 100%
[22:58:27] [Server thread/INFO]: Wheat Growth Modifier: 100%
[22:58:27] [Server thread/INFO]: NetherWart Growth Modifier: 100%
[22:58:27] [Server thread/INFO]: Vine Growth Modifier: 100%
[22:58:27] [Server thread/INFO]: Cocoa Growth Modifier: 100%
[22:58:27] [Server thread/INFO]: Bamboo Growth Modifier: 100%
[22:58:27] [Server thread/INFO]: SweetBerry Growth Modifier: 100%
[22:58:27] [Server thread/INFO]: Kelp Growth Modifier: 100%
[22:58:27] [Server thread/INFO]: Entity Activation Range: An 32 / Mo 32 / Ra 48 / Mi 16 / Tiv true
[22:58:27] [Server thread/INFO]: Entity Tracking Range: Pl 48 / An 48 / Mo 48 / Mi 32 / Other 64
[22:58:27] [Server thread/INFO]: Hopper Transfer: 8 Hopper Check: 1 Hopper Amount: 1
[22:58:27] [Server thread/INFO]: Custom Map Seeds:  Village: 10387312 Desert: 14357617 Igloo: 14357618 Jungle: 14357619 Swamp: 14357620 Monument: 10387313Ocean: 14357621 Shipwreck: 165745295 Slime: 987234911
[22:58:27] [Server thread/INFO]: Max TNT Explosions: 100
[22:58:27] [Server thread/INFO]: Tile Max Tick Time: 50ms Entity max Tick Time: 50ms
[22:58:27] [Server thread/INFO]: View Distance: 10
[22:58:27] [Server thread/INFO]: Allow Zombie Pigmen to spawn from portal blocks: true
[22:58:27] [Server thread/INFO]: Item Merge Radius: 2.5
[22:58:27] [Server thread/INFO]: Item Despawn Rate: 6000
[22:58:27] [Server thread/INFO]: Arrow Despawn Rate: 1200
[22:58:27] [Server thread/INFO]: Zombie Aggressive Towards Villager: true
[22:58:27] [Server thread/INFO]: Nerfing mobs spawned from spawners: false
[22:58:30] [Server thread/INFO]: -------- World Settings For [world_nether] --------
[22:58:30] [Server thread/INFO]: Experience Merge Radius: 3.0
[22:58:30] [Server thread/INFO]: Mob Spawn Range: 8
[22:58:30] [Server thread/INFO]: Cactus Growth Modifier: 100%
[22:58:30] [Server thread/INFO]: Cane Growth Modifier: 100%
[22:58:30] [Server thread/INFO]: Melon Growth Modifier: 100%
[22:58:30] [Server thread/INFO]: Mushroom Growth Modifier: 100%
[22:58:30] [Server thread/INFO]: Pumpkin Growth Modifier: 100%
[22:58:30] [Server thread/INFO]: Sapling Growth Modifier: 100%
[22:58:30] [Server thread/INFO]: Beetroot Growth Modifier: 100%
[22:58:30] [Server thread/INFO]: Carrot Growth Modifier: 100%
[22:58:30] [Server thread/INFO]: Potato Growth Modifier: 100%
[22:58:30] [Server thread/INFO]: Wheat Growth Modifier: 100%
[22:58:30] [Server thread/INFO]: NetherWart Growth Modifier: 100%
[22:58:30] [Server thread/INFO]: Vine Growth Modifier: 100%
[22:58:30] [Server thread/INFO]: Cocoa Growth Modifier: 100%
[22:58:30] [Server thread/INFO]: Bamboo Growth Modifier: 100%
[22:58:30] [Server thread/INFO]: SweetBerry Growth Modifier: 100%
[22:58:30] [Server thread/INFO]: Kelp Growth Modifier: 100%
[22:58:30] [Server thread/INFO]: Entity Activation Range: An 32 / Mo 32 / Ra 48 / Mi 16 / Tiv true
[22:58:30] [Server thread/INFO]: Entity Tracking Range: Pl 48 / An 48 / Mo 48 / Mi 32 / Other 64
[22:58:30] [Server thread/INFO]: Hopper Transfer: 8 Hopper Check: 1 Hopper Amount: 1
[22:58:30] [Server thread/INFO]: Custom Map Seeds:  Village: 10387312 Desert: 14357617 Igloo: 14357618 Jungle: 14357619 Swamp: 14357620 Monument: 10387313Ocean: 14357621 Shipwreck: 165745295 Slime: 987234911
[22:58:30] [Server thread/INFO]: Max TNT Explosions: 100
[22:58:30] [Server thread/INFO]: Tile Max Tick Time: 50ms Entity max Tick Time: 50ms
[22:58:30] [Server thread/INFO]: View Distance: 10
[22:58:30] [Server thread/INFO]: Allow Zombie Pigmen to spawn from portal blocks: true
[22:58:30] [Server thread/INFO]: Item Merge Radius: 2.5
[22:58:30] [Server thread/INFO]: Item Despawn Rate: 6000
[22:58:30] [Server thread/INFO]: Arrow Despawn Rate: 1200
[22:58:30] [Server thread/INFO]: Zombie Aggressive Towards Villager: true
[22:58:30] [Server thread/INFO]: Nerfing mobs spawned from spawners: false
[22:58:30] [Server thread/INFO]: -------- World Settings For [world_the_end] --------
[22:58:30] [Server thread/INFO]: Experience Merge Radius: 3.0
[22:58:30] [Server thread/INFO]: Mob Spawn Range: 8
[22:58:30] [Server thread/INFO]: Cactus Growth Modifier: 100%
[22:58:30] [Server thread/INFO]: Cane Growth Modifier: 100%
[22:58:30] [Server thread/INFO]: Melon Growth Modifier: 100%
[22:58:30] [Server thread/INFO]: Mushroom Growth Modifier: 100%
[22:58:30] [Server thread/INFO]: Pumpkin Growth Modifier: 100%
[22:58:30] [Server thread/INFO]: Sapling Growth Modifier: 100%
[22:58:30] [Server thread/INFO]: Beetroot Growth Modifier: 100%
[22:58:30] [Server thread/INFO]: Carrot Growth Modifier: 100%
[22:58:30] [Server thread/INFO]: Potato Growth Modifier: 100%
[22:58:30] [Server thread/INFO]: Wheat Growth Modifier: 100%
[22:58:30] [Server thread/INFO]: NetherWart Growth Modifier: 100%
[22:58:30] [Server thread/INFO]: Vine Growth Modifier: 100%
[22:58:30] [Server thread/INFO]: Cocoa Growth Modifier: 100%
[22:58:30] [Server thread/INFO]: Bamboo Growth Modifier: 100%
[22:58:30] [Server thread/INFO]: SweetBerry Growth Modifier: 100%
[22:58:30] [Server thread/INFO]: Kelp Growth Modifier: 100%
[22:58:30] [Server thread/INFO]: Entity Activation Range: An 32 / Mo 32 / Ra 48 / Mi 16 / Tiv true
[22:58:30] [Server thread/INFO]: Entity Tracking Range: Pl 48 / An 48 / Mo 48 / Mi 32 / Other 64
[22:58:30] [Server thread/INFO]: Hopper Transfer: 8 Hopper Check: 1 Hopper Amount: 1
[22:58:30] [Server thread/INFO]: Custom Map Seeds:  Village: 10387312 Desert: 14357617 Igloo: 14357618 Jungle: 14357619 Swamp: 14357620 Monument: 10387313Ocean: 14357621 Shipwreck: 165745295 Slime: 987234911
[22:58:30] [Server thread/INFO]: Max TNT Explosions: 100
[22:58:30] [Server thread/INFO]: Tile Max Tick Time: 50ms Entity max Tick Time: 50ms
[22:58:30] [Server thread/INFO]: View Distance: 10
[22:58:30] [Server thread/INFO]: Allow Zombie Pigmen to spawn from portal blocks: true
[22:58:30] [Server thread/INFO]: Item Merge Radius: 2.5
[22:58:30] [Server thread/INFO]: Item Despawn Rate: 6000
[22:58:30] [Server thread/INFO]: Arrow Despawn Rate: 1200
[22:58:30] [Server thread/INFO]: Zombie Aggressive Towards Villager: true
[22:58:30] [Server thread/INFO]: Nerfing mobs spawned from spawners: false
[22:58:30] [Server thread/INFO]: Preparing start region for dimension 'world'/minecraft:overworld
[22:58:30] [Server-Worker-1/INFO]: Preparing spawn area: 0%
[22:58:30] [Server-Worker-2/INFO]: Preparing spawn area: 0%
[22:58:31] [Server-Worker-2/INFO]: Preparing spawn area: 1%
[22:58:31] [Server-Worker-2/INFO]: Preparing spawn area: 2%
[22:58:32] [Server-Worker-2/INFO]: Preparing spawn area: 2%
[22:58:32] [Server-Worker-1/INFO]: Preparing spawn area: 2%
[22:58:33] [Server-Worker-2/INFO]: Preparing spawn area: 2%
[22:58:33] [Server-Worker-1/INFO]: Preparing spawn area: 2%
[22:58:34] [Server-Worker-2/INFO]: Preparing spawn area: 2%
[22:58:34] [Server-Worker-1/INFO]: Preparing spawn area: 5%
[22:58:35] [Server-Worker-1/INFO]: Preparing spawn area: 5%
[22:58:35] [Server-Worker-1/INFO]: Preparing spawn area: 5%
[22:58:36] [Server-Worker-1/INFO]: Preparing spawn area: 5%
[22:58:36] [Server-Worker-2/INFO]: Preparing spawn area: 53%
[22:58:37] [Server-Worker-2/INFO]: Preparing spawn area: 61%
[22:58:37] [Server-Worker-2/INFO]: Preparing spawn area: 64%
[22:58:38] [Server-Worker-2/INFO]: Preparing spawn area: 70%
[22:58:38] [Server-Worker-2/INFO]: Preparing spawn area: 78%
[22:58:39] [Server-Worker-2/INFO]: Preparing spawn area: 85%
[22:58:39] [Server-Worker-2/INFO]: Preparing spawn area: 99%
[22:58:40] [Server-Worker-1/INFO]: Preparing spawn area: 100%
[22:58:40] [Server-Worker-2/INFO]: Preparing spawn area: 100%
[22:58:41] [Server-Worker-1/INFO]: Preparing spawn area: 100%
[22:58:41] [Server-Worker-2/INFO]: Preparing spawn area: 100%
[22:58:42] [Server-Worker-2/INFO]: Preparing spawn area: 100%
[22:58:42] [Server-Worker-2/INFO]: Preparing spawn area: 100%
[22:58:42] [Server thread/INFO]: Loaded 441 spawn chunks for world world
[22:58:42] [Server thread/INFO]: Time elapsed: 12799 ms
[22:58:42] [Server thread/INFO]: Preparing start region for dimension 'world_nether'/minecraft:the_nether
[22:58:42] [Server-Worker-1/INFO]: Preparing spawn area: 0%
[22:58:43] [Server-Worker-1/INFO]: Preparing spawn area: 0%
[22:58:43] [Server-Worker-2/INFO]: Preparing spawn area: 0%
[22:58:44] [Server-Worker-2/INFO]: Preparing spawn area: 7%
[22:58:44] [Server-Worker-2/INFO]: Preparing spawn area: 19%
[22:58:45] [Server-Worker-2/INFO]: Preparing spawn area: 34%
[22:58:45] [Server-Worker-2/INFO]: Preparing spawn area: 48%
[22:58:46] [Server-Worker-2/INFO]: Preparing spawn area: 60%
[22:58:46] [Server-Worker-1/INFO]: Preparing spawn area: 72%
[22:58:47] [Server-Worker-2/INFO]: Preparing spawn area: 87%
[22:58:47] [Server-Worker-2/INFO]: Preparing spawn area: 100%
[22:58:48] [Server-Worker-1/INFO]: Preparing spawn area: 100%
[22:58:48] [Server-Worker-2/INFO]: Preparing spawn area: 100%
[22:58:49] [Server thread/INFO]: Loaded 441 spawn chunks for world world_nether
[22:58:49] [Server thread/INFO]: Time elapsed: 6297 ms
[22:58:49] [Server thread/INFO]: Preparing start region for dimension 'world_the_end'/minecraft:the_end
[22:58:49] [Server-Worker-1/INFO]: Preparing spawn area: 0%
[22:58:49] [Server-Worker-1/INFO]: Preparing spawn area: 15%
[22:58:50] [Server-Worker-2/INFO]: Preparing spawn area: 100%
[22:58:50] [Server thread/INFO]: Loaded 441 spawn chunks for world world_the_end
[22:58:50] [Server thread/INFO]: Time elapsed: 1290 ms
[22:58:50] [Server thread/INFO]: Done (33.126s)! For help, type "help"
[22:58:50] [Server thread/INFO]: Timings Reset
[23:00:58] [Server thread/INFO]: Stopping the server
[23:00:58] [Server thread/INFO]: Stopping server
[23:00:58] [Server thread/INFO]: Saving players
[23:00:58] [Server thread/INFO]: Saving worlds
[23:00:58] [Server thread/INFO]: Saving chunks for level 'world'/minecraft:overworld
[23:00:59] [Server thread/INFO]: ThreadedAnvilChunkStorage (world): All chunks are saved
[23:00:59] [Server thread/INFO]: Saving chunks for level 'world_nether'/minecraft:the_nether
[23:01:00] [Server thread/INFO]: ThreadedAnvilChunkStorage (DIM-1): All chunks are saved
[23:01:00] [Server thread/INFO]: Saving chunks for level 'world_the_end'/minecraft:the_end
[23:01:00] [Server thread/INFO]: ThreadedAnvilChunkStorage (DIM1): All chunks are saved
[23:01:00] [Server thread/INFO]: ThreadedAnvilChunkStorage (world): All chunks are saved
[23:01:00] [Server thread/INFO]: ThreadedAnvilChunkStorage (DIM-1): All chunks are saved
[23:01:00] [Server thread/INFO]: ThreadedAnvilChunkStorage (DIM1): All chunks are saved
